---------------------------------------------------------------------
Operating System = Microsoft Windows NT 6.1.7601 Service Pack 1
Computer Name    = НИНА-НОУТБУК
Domain           = Нина-ноутбук
User Name        = Нина
---------------------------------------------------------------------
.\ - started on  10 февраля 2012 г. at 16:12:54
s:\_staff\timetable_list - start
s:\_staff\timetable_list - single build
s:\_staff\timetable_list\build.xml - start
s:\_staff\timetable_list\build.xml - updated
s:\_staff\timetable_list - single build end 
s:\_staff\timetable_list\tt_sm_ermakov.xml - start
s:\_staff\timetable_list\tt_sm_ermakov.xml - updated
s:\_staff\timetable_list\tt_ap_sizova.xml - start
s:\_staff\timetable_list\tt_ap_sizova.xml - updated
s:\_staff\timetable_list\tt_ya_sushkov.xml - start
s:\_staff\timetable_list\tt_ya_sushkov.xml - updated
s:\_staff\timetable_list\tt_mk_chirkov.xml - start
s:\_staff\timetable_list\tt_mk_chirkov.xml - updated
s:\_staff\timetable_list\tt_vb_melas.xml - start
s:\_staff\timetable_list\tt_vb_melas.xml - updated
s:\_staff\timetable_list\tt_ms_ermakov.xml - start
s:\_staff\timetable_list\tt_ms_ermakov.xml - updated
s:\_staff\timetable_list\tt_vv_nekrutkin.xml - start
s:\_staff\timetable_list\tt_vv_nekrutkin.xml - updated
s:\_staff\timetable_list\tt_ne_golyandina.xml - start
s:\_staff\timetable_list\tt_ne_golyandina.xml - updated
s:\_staff\timetable_list\tt_ag_bart.xml - start
s:\_staff\timetable_list\tt_ag_bart.xml - updated
s:\_staff\timetable_list\tt_tm_tovstik.xml - start
s:\_staff\timetable_list\tt_tm_tovstik.xml - updated
s:\_staff\timetable_list\tt_yn_kashtanov.xml - start
s:\_staff\timetable_list\tt_yn_kashtanov.xml - updated
s:\_staff\timetable_list\tt_nk_krivulin.xml - start
s:\_staff\timetable_list\tt_nk_krivulin.xml - updated
s:\_staff\timetable_list\tt_vb_christinich.xml - start
s:\_staff\timetable_list\tt_vb_christinich.xml - updated
s:\_staff\timetable_list\tt_np_alekseeva.xml - start
s:\_staff\timetable_list\tt_np_alekseeva.xml - updated
s:\_staff\timetable_list\tt_eg_burnaeva.xml - start
s:\_staff\timetable_list\tt_eg_burnaeva.xml - updated
s:\_staff\timetable_list\tt_an_pepelyshev.xml - start
s:\_staff\timetable_list\tt_an_pepelyshev.xml - updated
s:\_staff\timetable_list\tt_vn_solntsev.xml - start
s:\_staff\timetable_list\tt_vn_solntsev.xml - updated
s:\_staff\timetable_list\tt_ay_ponomareva.xml - start
s:\_staff\timetable_list\tt_ay_ponomareva.xml - updated
s:\_staff\timetable_list\tt_ai_korobeynikov.xml - start
s:\_staff\timetable_list\tt_ai_korobeynikov.xml - updated
s:\_staff\timetable_list\tt_kd_usevich.xml - start
s:\_staff\timetable_list\tt_kd_usevich.xml - updated
s:\_staff\timetable_list\tt_is_scherbakova.xml - start
s:\_staff\timetable_list\tt_is_scherbakova.xml - updated
s:\_staff\timetable_list\tt_pv_shpilev.xml - start
s:\_staff\timetable_list\tt_pv_shpilev.xml - updated
s:\_staff\timetable_list\tt_pv_gracheva.xml - start
s:\_staff\timetable_list\tt_pv_gracheva.xml - updated
s:\_staff\timetable_list\tt_ay_shlemov.xml - start
s:\_staff\timetable_list\tt_ay_shlemov.xml - updated
s:\_staff\timetable_list\tt_en_mosyagina.xml - start
s:\_staff\timetable_list\tt_en_mosyagina.xml - updated
s:\_staff\timetable_list\tt_nm_moskaleva.xml - start
s:\_staff\timetable_list\tt_nm_moskaleva.xml - updated
s:\_staff\timetable_list\list.htm - start
s:\_staff\timetable_list\list.htm - updated
.\ - finished on  10 февраля 2012 г. at 16:12:55
---------------------------------------------------------------------
Total build time: 00:00:01.1140637
---------------------------------------------------------------------
Operating System = Microsoft Windows NT 6.1.7601 Service Pack 1
Computer Name    = НИНА-НОУТБУК
Domain           = Нина-ноутбук
User Name        = Нина
---------------------------------------------------------------------
.\ - started on  3 сентября 2012 г. at 19:34:31
s:\_staff\timetable_list - start
s:\_staff\timetable_list - single build
s:\_staff\timetable_list\build.xml - start
s:\_staff\timetable_list\build.xml - no changes
s:\_staff\timetable_list - single build end 
s:\_staff\timetable_list\tt_sm_ermakov.xml - start
s:\_staff\timetable_list\tt_sm_ermakov.xml - updated
s:\_staff\timetable_list\tt_ap_sizova.xml - start
s:\_staff\timetable_list\tt_ap_sizova.xml - no changes
s:\_staff\timetable_list\tt_ya_sushkov.xml - start
s:\_staff\timetable_list\tt_ya_sushkov.xml - updated
s:\_staff\timetable_list\tt_mk_chirkov.xml - start
s:\_staff\timetable_list\tt_mk_chirkov.xml - updated
s:\_staff\timetable_list\tt_vb_melas.xml - start
s:\_staff\timetable_list\tt_vb_melas.xml - updated
s:\_staff\timetable_list\tt_ms_ermakov.xml - start
s:\_staff\timetable_list\tt_ms_ermakov.xml - updated
s:\_staff\timetable_list\tt_vv_nekrutkin.xml - start
s:\_staff\timetable_list\tt_vv_nekrutkin.xml - updated
s:\_staff\timetable_list\tt_ne_golyandina.xml - start
s:\_staff\timetable_list\tt_ne_golyandina.xml - updated
s:\_staff\timetable_list\tt_ag_bart.xml - start
s:\_staff\timetable_list\tt_ag_bart.xml - no changes
s:\_staff\timetable_list\tt_tm_tovstik.xml - start
s:\_staff\timetable_list\tt_tm_tovstik.xml - updated
s:\_staff\timetable_list\tt_yn_kashtanov.xml - start
s:\_staff\timetable_list\tt_yn_kashtanov.xml - updated
s:\_staff\timetable_list\tt_nk_krivulin.xml - start
s:\_staff\timetable_list\tt_nk_krivulin.xml - updated
s:\_staff\timetable_list\tt_vb_christinich.xml - start
s:\_staff\timetable_list\tt_vb_christinich.xml - updated
s:\_staff\timetable_list\tt_np_alekseeva.xml - start
s:\_staff\timetable_list\tt_np_alekseeva.xml - updated
s:\_staff\timetable_list\tt_eg_burnaeva.xml - start
s:\_staff\timetable_list\tt_eg_burnaeva.xml - no changes
s:\_staff\timetable_list\tt_an_pepelyshev.xml - start
s:\_staff\timetable_list\tt_an_pepelyshev.xml - no changes
s:\_staff\timetable_list\tt_vn_solntsev.xml - start
s:\_staff\timetable_list\tt_vn_solntsev.xml - no changes
s:\_staff\timetable_list\tt_ay_ponomareva.xml - start
s:\_staff\timetable_list\tt_ay_ponomareva.xml - no changes
s:\_staff\timetable_list\tt_ai_korobeynikov.xml - start
s:\_staff\timetable_list\tt_ai_korobeynikov.xml - updated
s:\_staff\timetable_list\tt_kd_usevich.xml - start
s:\_staff\timetable_list\tt_kd_usevich.xml - no changes
s:\_staff\timetable_list\tt_is_scherbakova.xml - start
s:\_staff\timetable_list\tt_is_scherbakova.xml - no changes
s:\_staff\timetable_list\tt_pv_shpilev.xml - start
s:\_staff\timetable_list\tt_pv_shpilev.xml - updated
s:\_staff\timetable_list\tt_pv_gracheva.xml - start
s:\_staff\timetable_list\tt_pv_gracheva.xml - no changes
s:\_staff\timetable_list\tt_ay_shlemov.xml - start
s:\_staff\timetable_list\tt_ay_shlemov.xml - updated
s:\_staff\timetable_list\tt_en_mosyagina.xml - start
s:\_staff\timetable_list\tt_en_mosyagina.xml - updated
s:\_staff\timetable_list\tt_nm_moskaleva.xml - start
s:\_staff\timetable_list\tt_nm_moskaleva.xml - no changes
s:\_staff\timetable_list\list.htm - start
s:\_staff\timetable_list\list.htm - updated
.\ - finished on  3 сентября 2012 г. at 19:34:34
---------------------------------------------------------------------
Total build time: 00:00:02.8231615
